
> mediq-backend-api-gateway@0.0.1 start:dev
> nest start --watch

[2J[3J[H[[90m11:12:32 PM[0m] Starting compilation in watch mode...

[[90m11:12:34 PM[0m] Found 0 errors. Watching for file changes.

(node:1567415) [DEP0190] DeprecationWarning: Passing args to a child process with shell option true can lead to security vulnerabilities, as the arguments are not escaped, only concatenated.
(Use `node --trace-deprecation ...` to show where the warning was created)
[32m[Nest] 1567503  - [39m08/21/2025, 11:12:34 PM [32m    LOG[39m [38;5;3m[NestFactory] [39m[32mStarting Nest application...[39m
[32m[Nest] 1567503  - [39m08/21/2025, 11:12:34 PM [32m    LOG[39m [38;5;3m[InstanceLoader] [39m[32mClientsModule dependencies initialized[39m[38;5;3m +8ms[39m
[32m[Nest] 1567503  - [39m08/21/2025, 11:12:34 PM [32m    LOG[39m [38;5;3m[InstanceLoader] [39m[32mPassportModule dependencies initialized[39m[38;5;3m +1ms[39m
[31m[Nest] 1567503  - [39m08/21/2025, 11:12:34 PM [31m  ERROR[39m [38;5;3m[ExceptionHandler] [39mUnknownDependenciesException [Error]: Nest can't resolve dependencies of the GatewayService (?, OCR_SERVICE, INSTITUTION_SERVICE, OCR_ENGINE_SERVICE). Please make sure that the argument "USER_SERVICE" at index [0] is available in the GatewayModule context.

Potential solutions:
- Is GatewayModule a valid NestJS module?
- If "USER_SERVICE" is a provider, is it part of the current GatewayModule?
- If "USER_SERVICE" is exported from a separate @Module, is that module imported within GatewayModule?
  @Module({
    imports: [ /* the Module containing "USER_SERVICE" */ ]
  })

    at Injector.lookupComponentInParentModules [90m(/home/killerking/automated_project/compfest/MediQ/MediQ-Backend-API-Gateway/[39mnode_modules/[4m@nestjs[24m/core/injector/injector.js:286:19[90m)[39m
    at async resolveParam [90m(/home/killerking/automated_project/compfest/MediQ/MediQ-Backend-API-Gateway/[39mnode_modules/[4m@nestjs[24m/core/injector/injector.js:141:38[90m)[39m
    at async Promise.all (index 0)
    at async Injector.resolveConstructorParams [90m(/home/killerking/automated_project/compfest/MediQ/MediQ-Backend-API-Gateway/[39mnode_modules/[4m@nestjs[24m/core/injector/injector.js:169:27[90m)[39m
    at async Injector.loadInstance [90m(/home/killerking/automated_project/compfest/MediQ/MediQ-Backend-API-Gateway/[39mnode_modules/[4m@nestjs[24m/core/injector/injector.js:75:13[90m)[39m
    at async Injector.loadProvider [90m(/home/killerking/automated_project/compfest/MediQ/MediQ-Backend-API-Gateway/[39mnode_modules/[4m@nestjs[24m/core/injector/injector.js:103:9[90m)[39m
    at async [90m/home/killerking/automated_project/compfest/MediQ/MediQ-Backend-API-Gateway/[39mnode_modules/[4m@nestjs[24m/core/injector/instance-loader.js:56:13
    at async Promise.all (index 3)
    at async InstanceLoader.createInstancesOfProviders [90m(/home/killerking/automated_project/compfest/MediQ/MediQ-Backend-API-Gateway/[39mnode_modules/[4m@nestjs[24m/core/injector/instance-loader.js:55:9[90m)[39m
    at async [90m/home/killerking/automated_project/compfest/MediQ/MediQ-Backend-API-Gateway/[39mnode_modules/[4m@nestjs[24m/core/injector/instance-loader.js:40:13 {
  type: [32m'GatewayService'[39m,
  context: {
    index: [33m0[39m,
    dependencies: [
      [32m'USER_SERVICE'[39m,
      [32m'OCR_SERVICE'[39m,
      [32m'INSTITUTION_SERVICE'[39m,
      [32m'OCR_ENGINE_SERVICE'[39m
    ],
    name: [32m'USER_SERVICE'[39m
  },
  metadata: {
    id: [32m'5c62ebeb6da20b3f7995c'[39m
  },
  moduleRef: {
    id: [32m'12db6f8f0fc855ca5b2af'[39m
  }
}
[2J[3J[H[[90m11:17:23 PM[0m] File change detected. Starting incremental compilation...

[[90m11:17:23 PM[0m] Found 0 errors. Watching for file changes.

[32m[Nest] 1576453  - [39m08/21/2025, 11:17:24 PM [32m    LOG[39m [38;5;3m[NestFactory] [39m[32mStarting Nest application...[39m
[32m[Nest] 1576453  - [39m08/21/2025, 11:17:24 PM [32m    LOG[39m [38;5;3m[InstanceLoader] [39m[32mClientsModule dependencies initialized[39m[38;5;3m +9ms[39m
[32m[Nest] 1576453  - [39m08/21/2025, 11:17:24 PM [32m    LOG[39m [38;5;3m[InstanceLoader] [39m[32mClientsModule dependencies initialized[39m[38;5;3m +0ms[39m
[32m[Nest] 1576453  - [39m08/21/2025, 11:17:24 PM [32m    LOG[39m [38;5;3m[InstanceLoader] [39m[32mPassportModule dependencies initialized[39m[38;5;3m +0ms[39m
[31m[Nest] 1576453  - [39m08/21/2025, 11:17:24 PM [31m  ERROR[39m [38;5;3m[ExceptionHandler] [39mUnknownDependenciesException [Error]: Nest can't resolve dependencies of the JwtStrategy (ConfigService, ?). Please make sure that the argument "USER_SERVICE" at index [1] is available in the AuthModule context.

Potential solutions:
- Is AuthModule a valid NestJS module?
- If "USER_SERVICE" is a provider, is it part of the current AuthModule?
- If "USER_SERVICE" is exported from a separate @Module, is that module imported within AuthModule?
  @Module({
    imports: [ /* the Module containing "USER_SERVICE" */ ]
  })

    at Injector.lookupComponentInParentModules [90m(/home/killerking/automated_project/compfest/MediQ/MediQ-Backend-API-Gateway/[39mnode_modules/[4m@nestjs[24m/core/injector/injector.js:286:19[90m)[39m
    at async resolveParam [90m(/home/killerking/automated_project/compfest/MediQ/MediQ-Backend-API-Gateway/[39mnode_modules/[4m@nestjs[24m/core/injector/injector.js:141:38[90m)[39m
    at async Promise.all (index 1)
    at async Injector.resolveConstructorParams [90m(/home/killerking/automated_project/compfest/MediQ/MediQ-Backend-API-Gateway/[39mnode_modules/[4m@nestjs[24m/core/injector/injector.js:169:27[90m)[39m
    at async Injector.loadInstance [90m(/home/killerking/automated_project/compfest/MediQ/MediQ-Backend-API-Gateway/[39mnode_modules/[4m@nestjs[24m/core/injector/injector.js:75:13[90m)[39m
    at async Injector.loadProvider [90m(/home/killerking/automated_project/compfest/MediQ/MediQ-Backend-API-Gateway/[39mnode_modules/[4m@nestjs[24m/core/injector/injector.js:103:9[90m)[39m
    at async [90m/home/killerking/automated_project/compfest/MediQ/MediQ-Backend-API-Gateway/[39mnode_modules/[4m@nestjs[24m/core/injector/instance-loader.js:56:13
    at async Promise.all (index 4)
    at async InstanceLoader.createInstancesOfProviders [90m(/home/killerking/automated_project/compfest/MediQ/MediQ-Backend-API-Gateway/[39mnode_modules/[4m@nestjs[24m/core/injector/instance-loader.js:55:9[90m)[39m
    at async [90m/home/killerking/automated_project/compfest/MediQ/MediQ-Backend-API-Gateway/[39mnode_modules/[4m@nestjs[24m/core/injector/instance-loader.js:40:13 {
  type: [32m'JwtStrategy'[39m,
  context: {
    index: [33m1[39m,
    dependencies: [
      [36m[class ConfigService][39m,
      [32m'USER_SERVICE'[39m
    ],
    name: [32m'USER_SERVICE'[39m
  },
  metadata: {
    id: [32m'032d9cd1712612a5570ea'[39m
  },
  moduleRef: {
    id: [32m'7716dc92f46d16e3dad13'[39m
  }
}
