
> ocr-service@0.0.1 start:dev
> nest start --watch

[2J[3J[H[[90m11:58:24 PM[0m] Starting compilation in watch mode...

[[90m11:58:25 PM[0m] Found 0 errors. Watching for file changes.

(node:1655610) [DEP0190] DeprecationWarning: Passing args to a child process with shell option true can lead to security vulnerabilities, as the arguments are not escaped, only concatenated.
(Use `node --trace-deprecation ...` to show where the warning was created)
[32m[Nest] 1655715  - [39m08/21/2025, 11:58:26 PM [32m    LOG[39m [38;5;3m[NestFactory] [39m[32mStarting Nest application...[39m
[32m[Nest] 1655715  - [39m08/21/2025, 11:58:26 PM [32m    LOG[39m [38;5;3m[InstanceLoader] [39m[32mAppModule dependencies initialized[39m[38;5;3m +7ms[39m
[32m[Nest] 1655715  - [39m08/21/2025, 11:58:26 PM [32m    LOG[39m [38;5;3m[InstanceLoader] [39m[32mClientsModule dependencies initialized[39m[38;5;3m +0ms[39m
[32m[Nest] 1655715  - [39m08/21/2025, 11:58:26 PM [32m    LOG[39m [38;5;3m[InstanceLoader] [39m[32mClientsModule dependencies initialized[39m[38;5;3m +0ms[39m
[32m[Nest] 1655715  - [39m08/21/2025, 11:58:26 PM [32m    LOG[39m [38;5;3m[InstanceLoader] [39m[32mConfigHostModule dependencies initialized[39m[38;5;3m +0ms[39m
[32m[Nest] 1655715  - [39m08/21/2025, 11:58:26 PM [32m    LOG[39m [38;5;3m[InstanceLoader] [39m[32mHttpModule dependencies initialized[39m[38;5;3m +0ms[39m
[32m[Nest] 1655715  - [39m08/21/2025, 11:58:26 PM [32m    LOG[39m [38;5;3m[InstanceLoader] [39m[32mConfigModule dependencies initialized[39m[38;5;3m +0ms[39m
[32m[Nest] 1655715  - [39m08/21/2025, 11:58:26 PM [32m    LOG[39m [38;5;3m[InstanceLoader] [39m[32mOcrModule dependencies initialized[39m[38;5;3m +0ms[39m
[32m[Nest] 1655715  - [39m08/21/2025, 11:58:26 PM [32m    LOG[39m [38;5;3m[NestMicroservice] [39m[32mNest microservice successfully started[39m[38;5;3m +67ms[39m
[32m[Nest] 1655715  - [39m08/21/2025, 11:58:26 PM [32m    LOG[39m [38;5;3m[RoutesResolver] [39m[32mOcrController {/ocr}:[39m[38;5;3m +5ms[39m
[32m[Nest] 1655715  - [39m08/21/2025, 11:58:26 PM [32m    LOG[39m [38;5;3m[RouterExplorer] [39m[32mMapped {/ocr/upload, POST} route[39m[38;5;3m +2ms[39m
[32m[Nest] 1655715  - [39m08/21/2025, 11:58:26 PM [32m    LOG[39m [38;5;3m[RouterExplorer] [39m[32mMapped {/ocr/confirm, POST} route[39m[38;5;3m +0ms[39m
[32m[Nest] 1655715  - [39m08/21/2025, 11:58:26 PM [32m    LOG[39m [38;5;3m[NestApplication] [39m[32mNest application successfully started[39m[38;5;3m +1ms[39m
OCR service is listening on port 8603
Swagger documentation available at: http://localhost:8603/api/docs
Microservice is listening for RabbitMQ messages
