
> ocr-service@0.0.1 start:dev
> nest start --watch

[2J[3J[H[[90m10:22:50 PM[0m] Starting compilation in watch mode...

[[90m10:22:51 PM[0m] Found 0 errors. Watching for file changes.

(node:1470886) [DEP0190] DeprecationWarning: Passing args to a child process with shell option true can lead to security vulnerabilities, as the arguments are not escaped, only concatenated.
(Use `node --trace-deprecation ...` to show where the warning was created)
[32m[Nest] 1470951  - [39m08/21/2025, 10:22:51 PM [32m    LOG[39m [38;5;3m[NestFactory] [39m[32mStarting Nest application...[39m
[32m[Nest] 1470951  - [39m08/21/2025, 10:22:51 PM [32m    LOG[39m [38;5;3m[InstanceLoader] [39m[32mAppModule dependencies initialized[39m[38;5;3m +7ms[39m
[32m[Nest] 1470951  - [39m08/21/2025, 10:22:51 PM [32m    LOG[39m [38;5;3m[InstanceLoader] [39m[32mClientsModule dependencies initialized[39m[38;5;3m +0ms[39m
[31m[Nest] 1470951  - [39m08/21/2025, 10:22:51 PM [31m  ERROR[39m [38;5;3m[ExceptionHandler] [39mUnknownDependenciesException [Error]: Nest can't resolve dependencies of the OcrService (HttpService, ?, QueueService). Please make sure that the argument UserService at index [1] is available in the OcrModule context.

Potential solutions:
- Is OcrModule a valid NestJS module?
- If UserService is a provider, is it part of the current OcrModule?
- If UserService is exported from a separate @Module, is that module imported within OcrModule?
  @Module({
    imports: [ /* the Module containing UserService */ ]
  })

    at Injector.lookupComponentInParentModules [90m(/home/killerking/automated_project/compfest/MediQ/MediQ-Backend-OCR-Service/[39mnode_modules/[4m@nestjs[24m/core/injector/injector.js:286:19[90m)[39m
    at async resolveParam [90m(/home/killerking/automated_project/compfest/MediQ/MediQ-Backend-OCR-Service/[39mnode_modules/[4m@nestjs[24m/core/injector/injector.js:141:38[90m)[39m
    at async Promise.all (index 1)
    at async Injector.resolveConstructorParams [90m(/home/killerking/automated_project/compfest/MediQ/MediQ-Backend-OCR-Service/[39mnode_modules/[4m@nestjs[24m/core/injector/injector.js:169:27[90m)[39m
    at async Injector.loadInstance [90m(/home/killerking/automated_project/compfest/MediQ/MediQ-Backend-OCR-Service/[39mnode_modules/[4m@nestjs[24m/core/injector/injector.js:75:13[90m)[39m
    at async Injector.loadProvider [90m(/home/killerking/automated_project/compfest/MediQ/MediQ-Backend-OCR-Service/[39mnode_modules/[4m@nestjs[24m/core/injector/injector.js:103:9[90m)[39m
    at async [90m/home/killerking/automated_project/compfest/MediQ/MediQ-Backend-OCR-Service/[39mnode_modules/[4m@nestjs[24m/core/injector/instance-loader.js:56:13
    at async Promise.all (index 3)
    at async InstanceLoader.createInstancesOfProviders [90m(/home/killerking/automated_project/compfest/MediQ/MediQ-Backend-OCR-Service/[39mnode_modules/[4m@nestjs[24m/core/injector/instance-loader.js:55:9[90m)[39m
    at async [90m/home/killerking/automated_project/compfest/MediQ/MediQ-Backend-OCR-Service/[39mnode_modules/[4m@nestjs[24m/core/injector/instance-loader.js:40:13 {
  type: [32m'OcrService'[39m,
  context: {
    index: [33m1[39m,
    dependencies: [
      [36m[class HttpService][39m,
      [36m[class UserService][39m,
      [36m[class QueueService][39m
    ],
    name: [36m[class UserService][39m
  },
  metadata: {
    id: [32m'411231c23e098e2044963'[39m
  },
  moduleRef: {
    id: [32m'00de905654dbd99b11cf8'[39m
  }
}
[2J[3J[H[[90m10:23:34 PM[0m] File change detected. Starting incremental compilation...

[96msrc/ocr/ocr.service.ts[0m:[93m40[0m:[93m38[0m - [91merror[0m[90m TS2339: [0mProperty 'userService' does not exist on type 'OcrService'.

[7m40[0m         const nikExists = await this.userService.checkNikExists(data.nik);
[7m  [0m [91m                                     ~~~~~~~~~~~[0m

[96msrc/ocr/ocr.service.ts[0m:[93m44[0m:[93m37[0m - [91merror[0m[90m TS2339: [0mProperty 'userService' does not exist on type 'OcrService'.

[7m44[0m             const user = await this.userService.createUser(data);
[7m  [0m [91m                                    ~~~~~~~~~~~[0m

[96msrc/ocr/ocr.service.ts[0m:[93m47[0m:[93m37[0m - [91merror[0m[90m TS2339: [0mProperty 'userService' does not exist on type 'OcrService'.

[7m47[0m             const user = await this.userService.getUserByNik(data.nik);
[7m  [0m [91m                                    ~~~~~~~~~~~[0m

[96msrc/ocr/ocr.service.ts[0m:[93m51[0m:[93m34[0m - [91merror[0m[90m TS2339: [0mProperty 'queueService' does not exist on type 'OcrService'.

[7m51[0m         const queue = await this.queueService.addToQueue(userId);
[7m  [0m [91m                                 ~~~~~~~~~~~~[0m

[[90m10:23:34 PM[0m] Found 4 errors. Watching for file changes.

[2J[3J[H[[90m10:40:01 PM[0m] File change detected. Starting incremental compilation...

[[90m10:40:01 PM[0m] Found 0 errors. Watching for file changes.

[32m[Nest] 1508775  - [39m08/21/2025, 10:40:01 PM [32m    LOG[39m [38;5;3m[NestFactory] [39m[32mStarting Nest application...[39m
[32m[Nest] 1508775  - [39m08/21/2025, 10:40:01 PM [32m    LOG[39m [38;5;3m[InstanceLoader] [39m[32mAppModule dependencies initialized[39m[38;5;3m +7ms[39m
[32m[Nest] 1508775  - [39m08/21/2025, 10:40:01 PM [32m    LOG[39m [38;5;3m[InstanceLoader] [39m[32mClientsModule dependencies initialized[39m[38;5;3m +0ms[39m
[31m[Nest] 1508775  - [39m08/21/2025, 10:40:01 PM [31m  ERROR[39m [38;5;3m[ExceptionHandler] [39mUnknownDependenciesException [Error]: Nest can't resolve dependencies of the OcrService (HttpService, ?, QueueService). Please make sure that the argument UserService at index [1] is available in the OcrModule context.

Potential solutions:
- Is OcrModule a valid NestJS module?
- If UserService is a provider, is it part of the current OcrModule?
- If UserService is exported from a separate @Module, is that module imported within OcrModule?
  @Module({
    imports: [ /* the Module containing UserService */ ]
  })

    at Injector.lookupComponentInParentModules [90m(/home/killerking/automated_project/compfest/MediQ/MediQ-Backend-OCR-Service/[39mnode_modules/[4m@nestjs[24m/core/injector/injector.js:286:19[90m)[39m
    at async resolveParam [90m(/home/killerking/automated_project/compfest/MediQ/MediQ-Backend-OCR-Service/[39mnode_modules/[4m@nestjs[24m/core/injector/injector.js:141:38[90m)[39m
    at async Promise.all (index 1)
    at async Injector.resolveConstructorParams [90m(/home/killerking/automated_project/compfest/MediQ/MediQ-Backend-OCR-Service/[39mnode_modules/[4m@nestjs[24m/core/injector/injector.js:169:27[90m)[39m
    at async Injector.loadInstance [90m(/home/killerking/automated_project/compfest/MediQ/MediQ-Backend-OCR-Service/[39mnode_modules/[4m@nestjs[24m/core/injector/injector.js:75:13[90m)[39m
    at async Injector.loadProvider [90m(/home/killerking/automated_project/compfest/MediQ/MediQ-Backend-OCR-Service/[39mnode_modules/[4m@nestjs[24m/core/injector/injector.js:103:9[90m)[39m
    at async [90m/home/killerking/automated_project/compfest/MediQ/MediQ-Backend-OCR-Service/[39mnode_modules/[4m@nestjs[24m/core/injector/instance-loader.js:56:13
    at async Promise.all (index 3)
    at async InstanceLoader.createInstancesOfProviders [90m(/home/killerking/automated_project/compfest/MediQ/MediQ-Backend-OCR-Service/[39mnode_modules/[4m@nestjs[24m/core/injector/instance-loader.js:55:9[90m)[39m
    at async [90m/home/killerking/automated_project/compfest/MediQ/MediQ-Backend-OCR-Service/[39mnode_modules/[4m@nestjs[24m/core/injector/instance-loader.js:40:13 {
  type: [32m'OcrService'[39m,
  context: {
    index: [33m1[39m,
    dependencies: [
      [36m[class HttpService][39m,
      [36m[class UserService][39m,
      [36m[class QueueService][39m
    ],
    name: [36m[class UserService][39m
  },
  metadata: {
    id: [32m'8e34662a7f0461b27aeb2'[39m
  },
  moduleRef: {
    id: [32m'bc7574e18de51f98d4e2f'[39m
  }
}
[2J[3J[H[[90m10:40:12 PM[0m] File change detected. Starting incremental compilation...

[[90m10:40:13 PM[0m] Found 0 errors. Watching for file changes.

[32m[Nest] 1509122  - [39m08/21/2025, 10:40:13 PM [32m    LOG[39m [38;5;3m[NestFactory] [39m[32mStarting Nest application...[39m
[32m[Nest] 1509122  - [39m08/21/2025, 10:40:13 PM [32m    LOG[39m [38;5;3m[InstanceLoader] [39m[32mAppModule dependencies initialized[39m[38;5;3m +8ms[39m
[32m[Nest] 1509122  - [39m08/21/2025, 10:40:13 PM [32m    LOG[39m [38;5;3m[InstanceLoader] [39m[32mClientsModule dependencies initialized[39m[38;5;3m +0ms[39m
[32m[Nest] 1509122  - [39m08/21/2025, 10:40:13 PM [32m    LOG[39m [38;5;3m[InstanceLoader] [39m[32mClientsModule dependencies initialized[39m[38;5;3m +0ms[39m
[32m[Nest] 1509122  - [39m08/21/2025, 10:40:13 PM [32m    LOG[39m [38;5;3m[InstanceLoader] [39m[32mConfigHostModule dependencies initialized[39m[38;5;3m +0ms[39m
[32m[Nest] 1509122  - [39m08/21/2025, 10:40:13 PM [32m    LOG[39m [38;5;3m[InstanceLoader] [39m[32mHttpModule dependencies initialized[39m[38;5;3m +0ms[39m
[32m[Nest] 1509122  - [39m08/21/2025, 10:40:13 PM [32m    LOG[39m [38;5;3m[InstanceLoader] [39m[32mConfigModule dependencies initialized[39m[38;5;3m +0ms[39m
[32m[Nest] 1509122  - [39m08/21/2025, 10:40:13 PM [32m    LOG[39m [38;5;3m[InstanceLoader] [39m[32mOcrModule dependencies initialized[39m[38;5;3m +1ms[39m
[32m[Nest] 1509122  - [39m08/21/2025, 10:40:13 PM [32m    LOG[39m [38;5;3m[NestMicroservice] [39m[32mNest microservice successfully started[39m[38;5;3m +63ms[39m
[32m[Nest] 1509122  - [39m08/21/2025, 10:40:13 PM [32m    LOG[39m [38;5;3m[RoutesResolver] [39m[32mOcrController {/ocr}:[39m[38;5;3m +1ms[39m
[32m[Nest] 1509122  - [39m08/21/2025, 10:40:13 PM [32m    LOG[39m [38;5;3m[RouterExplorer] [39m[32mMapped {/ocr/upload, POST} route[39m[38;5;3m +2ms[39m
[32m[Nest] 1509122  - [39m08/21/2025, 10:40:13 PM [32m    LOG[39m [38;5;3m[RouterExplorer] [39m[32mMapped {/ocr/confirm, POST} route[39m[38;5;3m +0ms[39m
[32m[Nest] 1509122  - [39m08/21/2025, 10:40:13 PM [32m    LOG[39m [38;5;3m[NestApplication] [39m[32mNest application successfully started[39m[38;5;3m +1ms[39m
[31m[Nest] 1509122  - [39m08/21/2025, 10:40:13 PM [31m  ERROR[39m [38;5;3m[NestApplication] [39m[31mError: listen EADDRINUSE: address already in use :::8603[39m[38;5;3m +1ms[39m
node:net:1940
    const ex = new UVExceptionWithHostPort(err, 'listen', address, port);
               ^

Error: listen EADDRINUSE: address already in use :::8603
    at Server.setupListenHandle [as _listen2] (node:net:1940:16)
    at listenInCluster (node:net:1997:12)
    at Server.listen (node:net:2102:7)
    at ExpressAdapter.listen (/home/killerking/automated_project/compfest/MediQ/MediQ-Backend-OCR-Service/node_modules/@nestjs/platform-express/adapters/express-adapter.js:127:32)
    at /home/killerking/automated_project/compfest/MediQ/MediQ-Backend-OCR-Service/node_modules/@nestjs/core/nest-application.js:188:30
    at new Promise (<anonymous>)
    at NestApplication.listen (/home/killerking/automated_project/compfest/MediQ/MediQ-Backend-OCR-Service/node_modules/@nestjs/core/nest-application.js:178:16)
    at process.processTicksAndRejections (node:internal/process/task_queues:105:5)
    at async bootstrap (/home/killerking/automated_project/compfest/MediQ/MediQ-Backend-OCR-Service/src/main.ts:57:3) {
  code: 'EADDRINUSE',
  errno: -98,
  syscall: 'listen',
  address: '::',
  port: 8603
}

Node.js v24.4.1
[2J[3J[H[[90m10:51:34 PM[0m] File change detected. Starting incremental compilation...

[96msrc/ocr/ocr.service.ts[0m:[93m76[0m:[93m58[0m - [91merror[0m[90m TS2345: [0mArgument of type '{ userId: string; institutionId: string | null; }' is not assignable to parameter of type 'string'.

[7m76[0m         const queue = await this.queueService.addToQueue(queueData);
[7m  [0m [91m                                                         ~~~~~~~~~[0m

[[90m10:51:34 PM[0m] Found 1 error. Watching for file changes.

[2J[3J[H[[90m10:52:09 PM[0m] File change detected. Starting incremental compilation...

[96msrc/ocr/ocr.service.ts[0m:[93m76[0m:[93m58[0m - [91merror[0m[90m TS2345: [0mArgument of type '{ userId: string; institutionId: string | null; }' is not assignable to parameter of type 'string'.

[7m76[0m         const queue = await this.queueService.addToQueue(queueData);
[7m  [0m [91m                                                         ~~~~~~~~~[0m

[[90m10:52:09 PM[0m] Found 1 error. Watching for file changes.

[2J[3J[H[[90m10:52:14 PM[0m] File change detected. Starting incremental compilation...

[96msrc/ocr/ocr.service.ts[0m:[93m76[0m:[93m58[0m - [91merror[0m[90m TS2345: [0mArgument of type '{ userId: string; institutionId: string | null; }' is not assignable to parameter of type 'string'.

[7m76[0m         const queue = await this.queueService.addToQueue(queueData);
[7m  [0m [91m                                                         ~~~~~~~~~[0m

[[90m10:52:14 PM[0m] Found 1 error. Watching for file changes.

[2J[3J[H[[90m10:52:19 PM[0m] File change detected. Starting incremental compilation...

[96msrc/ocr/ocr.service.ts[0m:[93m76[0m:[93m58[0m - [91merror[0m[90m TS2345: [0mArgument of type '{ userId: string; institutionId: string | null; }' is not assignable to parameter of type 'string'.

[7m76[0m         const queue = await this.queueService.addToQueue(queueData);
[7m  [0m [91m                                                         ~~~~~~~~~[0m

[[90m10:52:19 PM[0m] Found 1 error. Watching for file changes.

[2J[3J[H[[90m11:03:10 PM[0m] File change detected. Starting incremental compilation...

[[90m11:03:10 PM[0m] Found 0 errors. Watching for file changes.

[32m[Nest] 1550125  - [39m08/21/2025, 11:03:10 PM [32m    LOG[39m [38;5;3m[NestFactory] [39m[32mStarting Nest application...[39m
[32m[Nest] 1550125  - [39m08/21/2025, 11:03:10 PM [32m    LOG[39m [38;5;3m[InstanceLoader] [39m[32mAppModule dependencies initialized[39m[38;5;3m +8ms[39m
[32m[Nest] 1550125  - [39m08/21/2025, 11:03:10 PM [32m    LOG[39m [38;5;3m[InstanceLoader] [39m[32mClientsModule dependencies initialized[39m[38;5;3m +0ms[39m
[32m[Nest] 1550125  - [39m08/21/2025, 11:03:10 PM [32m    LOG[39m [38;5;3m[InstanceLoader] [39m[32mClientsModule dependencies initialized[39m[38;5;3m +0ms[39m
[32m[Nest] 1550125  - [39m08/21/2025, 11:03:10 PM [32m    LOG[39m [38;5;3m[InstanceLoader] [39m[32mConfigHostModule dependencies initialized[39m[38;5;3m +0ms[39m
[32m[Nest] 1550125  - [39m08/21/2025, 11:03:10 PM [32m    LOG[39m [38;5;3m[InstanceLoader] [39m[32mHttpModule dependencies initialized[39m[38;5;3m +0ms[39m
[32m[Nest] 1550125  - [39m08/21/2025, 11:03:10 PM [32m    LOG[39m [38;5;3m[InstanceLoader] [39m[32mConfigModule dependencies initialized[39m[38;5;3m +0ms[39m
[32m[Nest] 1550125  - [39m08/21/2025, 11:03:10 PM [32m    LOG[39m [38;5;3m[InstanceLoader] [39m[32mOcrModule dependencies initialized[39m[38;5;3m +1ms[39m
[32m[Nest] 1550125  - [39m08/21/2025, 11:03:10 PM [32m    LOG[39m [38;5;3m[NestMicroservice] [39m[32mNest microservice successfully started[39m[38;5;3m +66ms[39m
[32m[Nest] 1550125  - [39m08/21/2025, 11:03:10 PM [32m    LOG[39m [38;5;3m[RoutesResolver] [39m[32mOcrController {/ocr}:[39m[38;5;3m +1ms[39m
[32m[Nest] 1550125  - [39m08/21/2025, 11:03:10 PM [32m    LOG[39m [38;5;3m[RouterExplorer] [39m[32mMapped {/ocr/upload, POST} route[39m[38;5;3m +2ms[39m
[32m[Nest] 1550125  - [39m08/21/2025, 11:03:10 PM [32m    LOG[39m [38;5;3m[RouterExplorer] [39m[32mMapped {/ocr/confirm, POST} route[39m[38;5;3m +0ms[39m
[32m[Nest] 1550125  - [39m08/21/2025, 11:03:10 PM [32m    LOG[39m [38;5;3m[NestApplication] [39m[32mNest application successfully started[39m[38;5;3m +1ms[39m
[31m[Nest] 1550125  - [39m08/21/2025, 11:03:10 PM [31m  ERROR[39m [38;5;3m[NestApplication] [39m[31mError: listen EADDRINUSE: address already in use :::8603[39m[38;5;3m +2ms[39m
node:net:1940
    const ex = new UVExceptionWithHostPort(err, 'listen', address, port);
               ^

Error: listen EADDRINUSE: address already in use :::8603
    at Server.setupListenHandle [as _listen2] (node:net:1940:16)
    at listenInCluster (node:net:1997:12)
    at Server.listen (node:net:2102:7)
    at ExpressAdapter.listen (/home/killerking/automated_project/compfest/MediQ/MediQ-Backend-OCR-Service/node_modules/@nestjs/platform-express/adapters/express-adapter.js:127:32)
    at /home/killerking/automated_project/compfest/MediQ/MediQ-Backend-OCR-Service/node_modules/@nestjs/core/nest-application.js:188:30
    at new Promise (<anonymous>)
    at NestApplication.listen (/home/killerking/automated_project/compfest/MediQ/MediQ-Backend-OCR-Service/node_modules/@nestjs/core/nest-application.js:178:16)
    at process.processTicksAndRejections (node:internal/process/task_queues:105:5)
    at async bootstrap (/home/killerking/automated_project/compfest/MediQ/MediQ-Backend-OCR-Service/src/main.ts:57:3) {
  code: 'EADDRINUSE',
  errno: -98,
  syscall: 'listen',
  address: '::',
  port: 8603
}

Node.js v24.4.1
[2J[3J[H[[90m11:06:39 PM[0m] File change detected. Starting incremental compilation...

[[90m11:06:39 PM[0m] Found 0 errors. Watching for file changes.

[32m[Nest] 1556355  - [39m08/21/2025, 11:06:39 PM [32m    LOG[39m [38;5;3m[NestFactory] [39m[32mStarting Nest application...[39m
[32m[Nest] 1556355  - [39m08/21/2025, 11:06:39 PM [32m    LOG[39m [38;5;3m[InstanceLoader] [39m[32mAppModule dependencies initialized[39m[38;5;3m +8ms[39m
[32m[Nest] 1556355  - [39m08/21/2025, 11:06:39 PM [32m    LOG[39m [38;5;3m[InstanceLoader] [39m[32mClientsModule dependencies initialized[39m[38;5;3m +0ms[39m
[32m[Nest] 1556355  - [39m08/21/2025, 11:06:39 PM [32m    LOG[39m [38;5;3m[InstanceLoader] [39m[32mClientsModule dependencies initialized[39m[38;5;3m +0ms[39m
[32m[Nest] 1556355  - [39m08/21/2025, 11:06:39 PM [32m    LOG[39m [38;5;3m[InstanceLoader] [39m[32mConfigHostModule dependencies initialized[39m[38;5;3m +0ms[39m
[32m[Nest] 1556355  - [39m08/21/2025, 11:06:39 PM [32m    LOG[39m [38;5;3m[InstanceLoader] [39m[32mHttpModule dependencies initialized[39m[38;5;3m +1ms[39m
[32m[Nest] 1556355  - [39m08/21/2025, 11:06:39 PM [32m    LOG[39m [38;5;3m[InstanceLoader] [39m[32mConfigModule dependencies initialized[39m[38;5;3m +0ms[39m
[32m[Nest] 1556355  - [39m08/21/2025, 11:06:39 PM [32m    LOG[39m [38;5;3m[InstanceLoader] [39m[32mOcrModule dependencies initialized[39m[38;5;3m +0ms[39m
[32m[Nest] 1556355  - [39m08/21/2025, 11:06:39 PM [32m    LOG[39m [38;5;3m[NestMicroservice] [39m[32mNest microservice successfully started[39m[38;5;3m +71ms[39m
[32m[Nest] 1556355  - [39m08/21/2025, 11:06:39 PM [32m    LOG[39m [38;5;3m[RoutesResolver] [39m[32mOcrController {/ocr}:[39m[38;5;3m +2ms[39m
[32m[Nest] 1556355  - [39m08/21/2025, 11:06:39 PM [32m    LOG[39m [38;5;3m[RouterExplorer] [39m[32mMapped {/ocr/upload, POST} route[39m[38;5;3m +1ms[39m
[32m[Nest] 1556355  - [39m08/21/2025, 11:06:39 PM [32m    LOG[39m [38;5;3m[RouterExplorer] [39m[32mMapped {/ocr/confirm, POST} route[39m[38;5;3m +0ms[39m
[32m[Nest] 1556355  - [39m08/21/2025, 11:06:39 PM [32m    LOG[39m [38;5;3m[NestApplication] [39m[32mNest application successfully started[39m[38;5;3m +2ms[39m
[31m[Nest] 1556355  - [39m08/21/2025, 11:06:39 PM [31m  ERROR[39m [38;5;3m[NestApplication] [39m[31mError: listen EADDRINUSE: address already in use :::8603[39m[38;5;3m +1ms[39m
node:net:1940
    const ex = new UVExceptionWithHostPort(err, 'listen', address, port);
               ^

Error: listen EADDRINUSE: address already in use :::8603
    at Server.setupListenHandle [as _listen2] (node:net:1940:16)
    at listenInCluster (node:net:1997:12)
    at Server.listen (node:net:2102:7)
    at ExpressAdapter.listen (/home/killerking/automated_project/compfest/MediQ/MediQ-Backend-OCR-Service/node_modules/@nestjs/platform-express/adapters/express-adapter.js:127:32)
    at /home/killerking/automated_project/compfest/MediQ/MediQ-Backend-OCR-Service/node_modules/@nestjs/core/nest-application.js:188:30
    at new Promise (<anonymous>)
    at NestApplication.listen (/home/killerking/automated_project/compfest/MediQ/MediQ-Backend-OCR-Service/node_modules/@nestjs/core/nest-application.js:178:16)
    at process.processTicksAndRejections (node:internal/process/task_queues:105:5)
    at async bootstrap (/home/killerking/automated_project/compfest/MediQ/MediQ-Backend-OCR-Service/src/main.ts:68:3) {
  code: 'EADDRINUSE',
  errno: -98,
  syscall: 'listen',
  address: '::',
  port: 8603
}

Node.js v24.4.1
[2J[3J[H[[90m11:06:51 PM[0m] File change detected. Starting incremental compilation...

[[90m11:06:51 PM[0m] Found 0 errors. Watching for file changes.

[32m[Nest] 1556752  - [39m08/21/2025, 11:06:51 PM [32m    LOG[39m [38;5;3m[NestFactory] [39m[32mStarting Nest application...[39m
[32m[Nest] 1556752  - [39m08/21/2025, 11:06:51 PM [32m    LOG[39m [38;5;3m[InstanceLoader] [39m[32mAppModule dependencies initialized[39m[38;5;3m +7ms[39m
[32m[Nest] 1556752  - [39m08/21/2025, 11:06:51 PM [32m    LOG[39m [38;5;3m[InstanceLoader] [39m[32mClientsModule dependencies initialized[39m[38;5;3m +0ms[39m
[32m[Nest] 1556752  - [39m08/21/2025, 11:06:51 PM [32m    LOG[39m [38;5;3m[InstanceLoader] [39m[32mClientsModule dependencies initialized[39m[38;5;3m +0ms[39m
[32m[Nest] 1556752  - [39m08/21/2025, 11:06:51 PM [32m    LOG[39m [38;5;3m[InstanceLoader] [39m[32mConfigHostModule dependencies initialized[39m[38;5;3m +1ms[39m
[32m[Nest] 1556752  - [39m08/21/2025, 11:06:51 PM [32m    LOG[39m [38;5;3m[InstanceLoader] [39m[32mHttpModule dependencies initialized[39m[38;5;3m +0ms[39m
[32m[Nest] 1556752  - [39m08/21/2025, 11:06:51 PM [32m    LOG[39m [38;5;3m[InstanceLoader] [39m[32mConfigModule dependencies initialized[39m[38;5;3m +0ms[39m
[32m[Nest] 1556752  - [39m08/21/2025, 11:06:51 PM [32m    LOG[39m [38;5;3m[InstanceLoader] [39m[32mOcrModule dependencies initialized[39m[38;5;3m +1ms[39m
[32m[Nest] 1556752  - [39m08/21/2025, 11:06:51 PM [32m    LOG[39m [38;5;3m[NestMicroservice] [39m[32mNest microservice successfully started[39m[38;5;3m +68ms[39m
[32m[Nest] 1556752  - [39m08/21/2025, 11:06:51 PM [32m    LOG[39m [38;5;3m[RoutesResolver] [39m[32mOcrController {/ocr}:[39m[38;5;3m +1ms[39m
[32m[Nest] 1556752  - [39m08/21/2025, 11:06:51 PM [32m    LOG[39m [38;5;3m[RouterExplorer] [39m[32mMapped {/ocr/upload, POST} route[39m[38;5;3m +2ms[39m
[32m[Nest] 1556752  - [39m08/21/2025, 11:06:51 PM [32m    LOG[39m [38;5;3m[RouterExplorer] [39m[32mMapped {/ocr/confirm, POST} route[39m[38;5;3m +0ms[39m
[32m[Nest] 1556752  - [39m08/21/2025, 11:06:51 PM [32m    LOG[39m [38;5;3m[NestApplication] [39m[32mNest application successfully started[39m[38;5;3m +1ms[39m
OCR service is listening on port 8603
Swagger documentation available at: http://localhost:8603/api/docs
Microservice is listening for RabbitMQ messages
Killed
