
> MediQ-Backend-User-Service@0.0.1 start:dev
> nest start --watch

[2J[3J[H[[90m11:58:22 PM[0m] Starting compilation in watch mode...

[[90m11:58:23 PM[0m] Found 0 errors. Watching for file changes.

(node:1655516) [DEP0190] DeprecationWarning: Passing args to a child process with shell option true can lead to security vulnerabilities, as the arguments are not escaped, only concatenated.
(Use `node --trace-deprecation ...` to show where the warning was created)
Database connected successfully.
User service is listening on port 8602
Swagger documentation available at: http://localhost:8602/api/docs
Microservice is listening for RabbitMQ messages
[23:58:24.354] INFO (1655587): Starting Nest application... {"context":"NestFactory"}
[23:58:24.354] INFO (1655587): PrismaModule dependencies initialized {"context":"InstanceLoader"}
[23:58:24.354] INFO (1655587): PassportModule dependencies initialized {"context":"InstanceLoader"}
[23:58:24.354] INFO (1655587): ConfigHostModule dependencies initialized {"context":"InstanceLoader"}
[23:58:24.354] INFO (1655587): AppModule dependencies initialized {"context":"InstanceLoader"}
[23:58:24.354] INFO (1655587): ConfigModule dependencies initialized {"context":"InstanceLoader"}
[23:58:24.354] INFO (1655587): LoggerModule dependencies initialized {"context":"InstanceLoader"}
[23:58:24.354] INFO (1655587): JwtModule dependencies initialized {"context":"InstanceLoader"}
[23:58:24.354] INFO (1655587): UserModule dependencies initialized {"context":"InstanceLoader"}
[23:58:24.354] INFO (1655587): AuthModule dependencies initialized {"context":"InstanceLoader"}
[23:58:24.355] INFO (1655587): Nest microservice successfully started {"context":"NestMicroservice"}
[23:58:24.359] INFO (1655587): AppController {/}: {"context":"RoutesResolver"}
[23:58:24.360] INFO (1655587): Mapped {/, GET} route {"context":"RouterExplorer"}
[23:58:24.360] INFO (1655587): UserController {/users}: {"context":"RoutesResolver"}
[23:58:24.361] INFO (1655587): Mapped {/users, POST} route {"context":"RouterExplorer"}
[23:58:24.361] INFO (1655587): Mapped {/users/check-nik/:nik, GET} route {"context":"RouterExplorer"}
[23:58:24.361] INFO (1655587): Mapped {/users/profile, GET} route {"context":"RouterExplorer"}
[23:58:24.361] INFO (1655587): Mapped {/users, GET} route {"context":"RouterExplorer"}
[23:58:24.361] INFO (1655587): Mapped {/users/:id/role, PATCH} route {"context":"RouterExplorer"}
[23:58:24.361] INFO (1655587): Mapped {/users/:id, DELETE} route {"context":"RouterExplorer"}
[23:58:24.361] INFO (1655587): AuthController {/auth}: {"context":"RoutesResolver"}
[23:58:24.362] INFO (1655587): Mapped {/auth/login/admin, POST} route {"context":"RouterExplorer"}
[23:58:24.362] INFO (1655587): Mapped {/auth/login/user, POST} route {"context":"RouterExplorer"}
[23:58:24.362] INFO (1655587): Mapped {/auth/refresh, GET} route {"context":"RouterExplorer"}
[23:58:24.362] INFO (1655587): Mapped {/auth/logout, GET} route {"context":"RouterExplorer"}
[23:58:24.365] INFO (1655587): Nest application successfully started {"context":"NestApplication"}
[00:44:59.536] INFO (1655587): request completed {"req":{"id":1,"method":"GET","url":"/","query":{},"params":{},"headers":{"connection":"upgrade","host":"mediq-user-service.craftthingy.com","x-real-ip":"127.0.0.1","x-forwarded-for":"35.185.202.60, 127.0.0.1","x-forwarded-proto":"http","x-forwarded-host":"mediq-user-service.craftthingy.com","user-agent":"Mozilla/5.0 (compatible; CMS-Checker/1.0; +https://example.com)","accept-encoding":"gzip","cdn-loop":"cloudflare; loops=1","cf-connecting-ip":"35.185.202.60","cf-ipcountry":"US","cf-ray":"972bf108bafdde85-SEA","cf-visitor":"{\"scheme\":\"http\"}","cf-warp-tag-id":"51a3d5a6-6326-40cf-a056-49a139bf7197"},"remoteAddress":"::ffff:127.0.0.1","remotePort":42366},"res":{"statusCode":200,"headers":{"x-powered-by":"Express","content-type":"text/html; charset=utf-8","content-length":"12","etag":"W/\"c-Lve95gjOVATpfV8EL5X4nxwjKHE\""}},"responseTime":1}
